0 verbose cli C:\Program Files\nodejs\node.exe C:\Users\meghn\AppData\Roaming\npm\node_modules\npm\bin\npm-cli.js
1 info using npm@11.0.0
2 info using node@v22.13.1
3 silly config load:file:C:\Users\meghn\AppData\Roaming\npm\node_modules\npm\npmrc
4 silly config load:file:C:\Users\meghn\.npmrc
5 silly config load:file:C:\Users\meghn\AppData\Roaming\npm\etc\npmrc
6 verbose title npm run dev
7 verbose argv "run" "dev"
8 verbose logfile logs-max:10 dir:C:\Users\meghn\Downloads\barbershop-booking\%LOCALAPPDATA%\npm-cache\_logs\2026-03-15T15_51_45_934Z-
9 verbose logfile C:\Users\meghn\Downloads\barbershop-booking\%LOCALAPPDATA%\npm-cache\_logs\2026-03-15T15_51_45_934Z-debug-0.log
10 silly logfile done cleaning log files
11 verbose stack Error: Missing script: "dev"
11 verbose stack
11 verbose stack To see a list of scripts, run:
11 verbose stack   npm run
11 verbose stack     at #run (C:\Users\meghn\AppData\Roaming\npm\node_modules\npm\lib\commands\run-script.js:111:13)
11 verbose stack     at async RunScript.exec (C:\Users\meghn\AppData\Roaming\npm\node_modules\npm\lib\commands\run-script.js:40:7)
11 verbose stack     at async Npm.exec (C:\Users\meghn\AppData\Roaming\npm\node_modules\npm\lib\npm.js:207:9)
11 verbose stack     at async module.exports (C:\Users\meghn\AppData\Roaming\npm\node_modules\npm\lib\cli\entry.js:69:5)
12 error Missing script: "dev"
12 error
12 error To see a list of scripts, run:
12 error   npm run
13 verbose cwd C:\Users\meghn\Downloads\barbershop-booking
14 verbose os Windows_NT 10.0.26200
15 verbose node v22.13.1
16 verbose npm  v11.0.0
17 verbose exit 1
18 verbose code 1
19 error A complete log of this run can be found in: C:\Users\meghn\Downloads\barbershop-booking\%LOCALAPPDATA%\npm-cache\_logs\2026-03-15T15_51_45_934Z-debug-0.log
